<?xml version="1.0" encoding="UTF-8" ?>
<testsuite failures="0" time="0.025" errors="0" skipped="0" tests="1" name="edu.wctc.java.demo.tictactoe.AppTest">
  <properties>
    <property name="java.runtime.name" value="Java(TM) SE Runtime Environment"/>
    <property name="sun.boot.library.path" value="C:\Program Files\Java\jdk1.6.0_30\jre\bin"/>
    <property name="java.vm.version" value="20.5-b03"/>
    <property name="java.vm.vendor" value="Sun Microsystems Inc."/>
    <property name="java.vendor.url" value="http://java.sun.com/"/>
    <property name="path.separator" value=";"/>
    <property name="java.vm.name" value="Java HotSpot(TM) Client VM"/>
    <property name="file.encoding.pkg" value="sun.io"/>
    <property name="user.country" value="US"/>
    <property name="sun.java.launcher" value="SUN_STANDARD"/>
    <property name="sun.os.patch.level" value="Service Pack 1"/>
    <property name="java.vm.specification.name" value="Java Virtual Machine Specification"/>
    <property name="user.dir" value="C:\Users\instlogin\Documents\NetBeansProjects\TicTacToeMaven"/>
    <property name="java.runtime.version" value="1.6.0_30-b12"/>
    <property name="java.awt.graphicsenv" value="sun.awt.Win32GraphicsEnvironment"/>
    <property name="basedir" value="C:\Users\instlogin\Documents\NetBeansProjects\TicTacToeMaven"/>
    <property name="java.endorsed.dirs" value="C:\Program Files\Java\jdk1.6.0_30\jre\lib\endorsed"/>
    <property name="os.arch" value="x86"/>
    <property name="surefire.real.class.path" value="C:\Users\instlogin\Documents\NetBeansProjects\TicTacToeMaven\target\surefire\surefirebooter7358213466909456131.jar"/>
    <property name="java.io.tmpdir" value="C:\Users\INSTLO~1\AppData\Local\Temp\"/>
    <property name="line.separator" value="
"/>
    <property name="java.vm.specification.vendor" value="Sun Microsystems Inc."/>
    <property name="user.variant" value=""/>
    <property name="os.name" value="Windows 7"/>
    <property name="sun.jnu.encoding" value="Cp1252"/>
    <property name="java.library.path" value="C:\Program Files\Java\jdk1.6.0_30\jre\bin;C:\Windows\Sun\Java\bin;C:\Windows\system32;C:\Windows;C:\Windows\system32;C:\Windows;C:\Windows\System32\Wbem;C:\Windows\System32\WindowsPowerShell\v1.0\;C:\Program Files\Microsoft SQL Server\100\Tools\Binn\;C:\Program Files\Microsoft SQL Server\100\DTS\Binn\;C:\Program Files\Microsoft SQL Server\100\Tools\Binn\VSShell\Common7\IDE\;C:\Program Files\Microsoft Visual Studio 9.0\Common7\IDE\PrivateAssemblies\;C:\Program Files\Java\jdk1.6.0_30\bin;C:\Program Files\QuickTime\QTSystem\;C:\Program Files\TortoiseGit\bin;C:\java\android-sdk\tools;C:\java\android-sdk\platform-tools;C:\java\workspace;."/>
    <property name="surefire.test.class.path" value="C:\Users\instlogin\Documents\NetBeansProjects\TicTacToeMaven\target\test-classes;C:\Users\instlogin\Documents\NetBeansProjects\TicTacToeMaven\target\classes;C:\Users\instlogin\.m2\repository\junit\junit\4.10\junit-4.10.jar;C:\Users\instlogin\.m2\repository\org\hamcrest\hamcrest-core\1.1\hamcrest-core-1.1.jar;"/>
    <property name="java.specification.name" value="Java Platform API Specification"/>
    <property name="java.class.version" value="50.0"/>
    <property name="sun.management.compiler" value="HotSpot Client Compiler"/>
    <property name="os.version" value="6.1"/>
    <property name="user.home" value="C:\Users\instlogin"/>
    <property name="user.timezone" value=""/>
    <property name="java.awt.printerjob" value="sun.awt.windows.WPrinterJob"/>
    <property name="java.specification.version" value="1.6"/>
    <property name="file.encoding" value="Cp1252"/>
    <property name="user.name" value="Instlogin"/>
    <property name="java.class.path" value="C:\Users\instlogin\Documents\NetBeansProjects\TicTacToeMaven\target\test-classes;C:\Users\instlogin\Documents\NetBeansProjects\TicTacToeMaven\target\classes;C:\Users\instlogin\.m2\repository\junit\junit\4.10\junit-4.10.jar;C:\Users\instlogin\.m2\repository\org\hamcrest\hamcrest-core\1.1\hamcrest-core-1.1.jar;"/>
    <property name="java.vm.specification.version" value="1.0"/>
    <property name="sun.arch.data.model" value="32"/>
    <property name="java.home" value="C:\Program Files\Java\jdk1.6.0_30\jre"/>
    <property name="sun.java.command" value="C:\Users\instlogin\Documents\NetBeansProjects\TicTacToeMaven\target\surefire\surefirebooter7358213466909456131.jar C:\Users\instlogin\Documents\NetBeansProjects\TicTacToeMaven\target\surefire\surefire4785827837066577378tmp C:\Users\instlogin\Documents\NetBeansProjects\TicTacToeMaven\target\surefire\surefire8139981356075216105tmp"/>
    <property name="java.specification.vendor" value="Sun Microsystems Inc."/>
    <property name="user.language" value="en"/>
    <property name="awt.toolkit" value="sun.awt.windows.WToolkit"/>
    <property name="java.vm.info" value="mixed mode, sharing"/>
    <property name="java.version" value="1.6.0_30"/>
    <property name="java.ext.dirs" value="C:\Program Files\Java\jdk1.6.0_30\jre\lib\ext;C:\Windows\Sun\Java\lib\ext"/>
    <property name="sun.boot.class.path" value="C:\Program Files\Java\jdk1.6.0_30\jre\lib\resources.jar;C:\Program Files\Java\jdk1.6.0_30\jre\lib\rt.jar;C:\Program Files\Java\jdk1.6.0_30\jre\lib\sunrsasign.jar;C:\Program Files\Java\jdk1.6.0_30\jre\lib\jsse.jar;C:\Program Files\Java\jdk1.6.0_30\jre\lib\jce.jar;C:\Program Files\Java\jdk1.6.0_30\jre\lib\charsets.jar;C:\Program Files\Java\jdk1.6.0_30\jre\lib\modules\jdk.boot.jar;C:\Program Files\Java\jdk1.6.0_30\jre\classes"/>
    <property name="java.vendor" value="Sun Microsystems Inc."/>
    <property name="localRepository" value="C:\Users\instlogin\.m2\repository"/>
    <property name="file.separator" value="\"/>
    <property name="java.vendor.url.bug" value="http://java.sun.com/cgi-bin/bugreport.cgi"/>
    <property name="sun.cpu.endian" value="little"/>
    <property name="sun.io.unicode.encoding" value="UnicodeLittle"/>
    <property name="sun.desktop" value="windows"/>
    <property name="sun.cpu.isalist" value="pentium_pro+mmx pentium_pro pentium+mmx pentium i486 i386 i86"/>
  </properties>
  <testcase time="0.001" classname="edu.wctc.java.demo.tictactoe.AppTest" name="testApp"/>
</testsuite>